<html>
<body>
<pre>
<h1>Vision Build Log</h1>
<h2>Tool Versions:</h2>
IDE-Version: μVision V5.38.0.0
Copyright (C) 2022 ARM Ltd and ARM Germany GmbH. All rights reserved.
License Information: 1 qiu, 1, LIC=JL28G-V89FM-MML9I-TXR8R-9LM29-P5CGD
 
Tool Versions:
Toolchain:       MDK-ARM Plus  Version: 5.38.0.0
Toolchain Path:  E:\dianzi\MDKv5\ARM\AC5\Bin
C Compiler:      Armcc.exe V5.06 update 7 (build 960)
Assembler:       Armasm.exe V5.06 update 7 (build 960)
Linker/Locator:  ArmLink.exe V5.06 update 7 (build 960)
Library Manager: ArmAr.exe V5.06 update 7 (build 960)
Hex Converter:   FromElf.exe V5.06 update 7 (build 960)
CPU DLL:         SARMCM3.DLL V5.38.0.0
Dialog DLL:      DCM.DLL V1.17.5.0
Target DLL:      STLink\ST-LINKIII-KEIL_SWO.dll V3.1.0.0
Dialog DLL:      TCM.DLL V1.56.4.0
 
<h2>Project:</h2>
E:\StudyNote\study_STM32-HAL\3.参考例程\5.外部中断实验\USER\EXTI.uvprojx
Project File Date:  12/22/2024

<h2>Output:</h2>
*** Using Compiler 'V5.06 update 7 (build 960)', folder: 'E:\dianzi\MDKv5\ARM\AC5\Bin'
Build target 'EXTI'
compiling exti.c...
..\HARDWARE\EXTI\exti.c(71): error:  #20: identifier "WK_UP" is undefined
              if(WK_UP == 1) 
..\HARDWARE\EXTI\exti.c(78): error:  #20: identifier "KEY2" is undefined
              if(KEY2 == 0) // LED1翻转
..\HARDWARE\EXTI\exti.c(84): error:  #20: identifier "KEY1" is undefined
              if(KEY1 == 0) // 同时控制LED0,LED1翻转 
..\HARDWARE\EXTI\exti.c(91): error:  #20: identifier "KEY0" is undefined
              if(KEY0 == 0)  
..\HARDWARE\EXTI\exti.c(97): warning:  #1-D: last line of file ends without a newline
  }
..\HARDWARE\EXTI\exti.c: 1 warning, 4 errors
compiling main.c...
main.c(23): warning:  #1-D: last line of file ends without a newline
  }
main.c: 1 warning, 0 errors
"..\OBJ\Template.axf" - 4 Error(s), 2 Warning(s).

<h2>Software Packages used:</h2>

Package Vendor: Keil
                http://www.keil.com/pack/Keil.STM32F4xx_DFP.2.13.0.pack
                Keil.STM32F4xx_DFP.2.13.0
                STMicroelectronics STM32F4 Series Device Support, Drivers and Examples

<h2>Collection of Component include folders:</h2>
  E:/dianzi/MDKv5/Keil/STM32F4xx_DFP/2.13.0/Drivers/CMSIS/Device/ST/STM32F4xx/Include

<h2>Collection of Component Files used:</h2>
Target not created.
Build Time Elapsed:  00:00:00
</pre>
</body>
</html>
